# JRE version: Java(TM) SE Runtime Environment (15.0.1+9) (build 15.0.1+9-18)
# Java VM: Java HotSpot(TM) 64-Bit Server VM (15.0.1+9-18, mixed mode, sharing, tiered, compressed oops, g1 gc, bsd-amd64)
GC Precious Log:
 CPUs: 8 total, 8 available
 Memory: 8192M
 Large Page Support: Disabled
 NUMA Support: Disabled
 Compressed Oops: Enabled (Zero based)
 Heap Region Size: 1M
 Heap Min Capacity: 8M
 Heap Initial Capacity: 128M
 Heap Max Capacity: 2G
 Pre-touch: Disabled
 Parallel Workers: 8
 Concurrent Workers: 2
 Concurrent Refinement Workers: 8
 Periodic GC: Disabled
Heap:
 garbage-first heap   total 48128K, used 20800K [0x0000000780000000, 0x0000000800000000)
  region size 1024K, 12 young (12288K), 4 survivors (4096K)
 Metaspace       used 30568K, capacity 30940K, committed 31232K, reserved 1077248K
  class space    used 4185K, capacity 4326K, committed 4352K, reserved 1048576K
GC Heap History (8 events):
Event: 0.447 GC heap before
{Heap before GC invocations=0 (full 0):
 garbage-first heap   total 133120K, used 24360K [0x0000000780000000, 0x0000000800000000)
  region size 1024K, 23 young (23552K), 0 survivors (0K)
 Metaspace       used 5785K, capacity 8901K, committed 9216K, reserved 1056768K
  class space    used 684K, capacity 982K, committed 1024K, reserved 1048576K
}
Event: 0.449 GC heap after
{Heap after GC invocations=1 (full 0):
 garbage-first heap   total 133120K, used 3710K [0x0000000780000000, 0x0000000800000000)
  region size 1024K, 3 young (3072K), 3 survivors (3072K)
 Metaspace       used 5785K, capacity 8901K, committed 9216K, reserved 1056768K
  class space    used 684K, capacity 982K, committed 1024K, reserved 1048576K
}
Event: 1.432 GC heap before
{Heap before GC invocations=1 (full 0):
 garbage-first heap   total 133120K, used 47742K [0x0000000780000000, 0x0000000800000000)
  region size 1024K, 46 young (47104K), 3 survivors (3072K)
 Metaspace       used 17391K, capacity 18692K, committed 18944K, reserved 1064960K
  class space    used 2783K, capacity 2962K, committed 3072K, reserved 1048576K
}
Event: 1.438 GC heap after
{Heap after GC invocations=2 (full 0):
 garbage-first heap   total 133120K, used 7986K [0x0000000780000000, 0x0000000800000000)
  region size 1024K, 6 young (6144K), 6 survivors (6144K)
 Metaspace       used 17391K, capacity 18692K, committed 18944K, reserved 1064960K
  class space    used 2783K, capacity 2962K, committed 3072K, reserved 1048576K
}
Event: 13.419 GC heap before
{Heap before GC invocations=2 (full 0):
 garbage-first heap   total 133120K, used 22322K [0x0000000780000000, 0x0000000800000000)
  region size 1024K, 19 young (19456K), 6 survivors (6144K)
 Metaspace       used 20113K, capacity 21022K, committed 21248K, reserved 1067008K
  class space    used 3067K, capacity 3204K, committed 3328K, reserved 1048576K
}
Event: 13.424 GC heap after
{Heap after GC invocations=3 (full 0):
 garbage-first heap   total 133120K, used 10973K [0x0000000780000000, 0x0000000800000000)
  region size 1024K, 5 young (5120K), 5 survivors (5120K)
 Metaspace       used 20113K, capacity 21022K, committed 21248K, reserved 1067008K
  class space    used 3067K, capacity 3204K, committed 3328K, reserved 1048576K
}
Event: 85.914 GC heap before
{Heap before GC invocations=4 (full 0):
 garbage-first heap   total 48128K, used 34525K [0x0000000780000000, 0x0000000800000000)
  region size 1024K, 28 young (28672K), 5 survivors (5120K)
 Metaspace       used 29818K, capacity 30169K, committed 30464K, reserved 1075200K
  class space    used 4118K, capacity 4261K, committed 4352K, reserved 1048576K
}
Event: 85.921 GC heap after
{Heap after GC invocations=5 (full 0):
 garbage-first heap   total 48128K, used 13632K [0x0000000780000000, 0x0000000800000000)
  region size 1024K, 4 young (4096K), 4 survivors (4096K)
 Metaspace       used 29818K, capacity 30169K, committed 30464K, reserved 1075200K
  class space    used 4118K, capacity 4261K, committed 4352K, reserved 1048576K
}

